<?xml version="1.0" encoding="UTF-8"?>
<!-- Generated by org.testng.reporters.JUnitReportReporter -->
<testsuite hostname="DESKTOP-QA3HFE1" failures="0" tests="1" name="testpgm.SauceDemoTest" time="8.664" errors="0" timestamp="2024-03-22T15:27:15 IST" skipped="0">
  <testcase classname="testpgm.SauceDemoTest" name="TestSauce" time="8.664"/>
</testsuite> <!-- testpgm.SauceDemoTest -->
